#! /usr/local/bin/vvp
:ivl_version "0.10.0 (devel)" "(s20140801-15-g4ea512c)";
:ivl_delay_selection "TYPICAL";
:vpi_time_precision + 0;
:vpi_module "system";
:vpi_module "vhdl_sys";
:vpi_module "v2005_math";
:vpi_module "va_math";
S_0x9282560 .scope module, "verificator" "verificator" 2 1;
 .timescale 0 0;
    .port_info 0 /INPUT 32 "iR_dut"
    .port_info 1 /INPUT 32 "iR_nut"
    .port_info 2 /INPUT 1 "Clock"
    .port_info 3 /INPUT 1 "Reset"
    .port_info 4 /OUTPUT 1 "good"
o0x92a66bc .functor BUFZ 1, C4<z>; HiZ drive
v0x92826c8_0 .net "Clock", 0 0, o0x92a66bc;  0 drivers
o0x92a66d4 .functor BUFZ 1, C4<z>; HiZ drive
v0x92a26d8_0 .net "Reset", 0 0, o0x92a66d4;  0 drivers
v0x92a2740_0 .var "good", 0 0;
o0x92a6704 .functor BUFZ 32, C4<zzzzzzzzzzzzzzzzzzzzzzzzzzzzzzzz>; HiZ drive
v0x92a27b0_0 .net "iR_dut", 31 0, o0x92a6704;  0 drivers
o0x92a671c .functor BUFZ 32, C4<zzzzzzzzzzzzzzzzzzzzzzzzzzzzzzzz>; HiZ drive
v0x92a2828_0 .net "iR_nut", 31 0, o0x92a671c;  0 drivers
E_0x9282690 .event posedge, v0x92826c8_0;
    .scope S_0x9282560;
T_0 ;
    %wait E_0x9282690;
    %load/v 8, v0x92a26d8_0, 1;
    %jmp/0xz  T_0.0, 8;
    %ix/load 0, 1, 0;
    %assign/v0 v0x92a2740_0, 0, 0;
    %jmp T_0.1;
T_0.0 ;
    %load/v 8, v0x92a27b0_0, 32;
    %load/v 40, v0x92a2828_0, 32;
    %cmp/u 8, 40, 32;
    %jmp/0xz  T_0.2, 4;
    %ix/load 0, 1, 0;
    %assign/v0 v0x92a2740_0, 0, 1;
    %jmp T_0.3;
T_0.2 ;
    %ix/load 0, 1, 0;
    %assign/v0 v0x92a2740_0, 0, 0;
T_0.3 ;
T_0.1 ;
    %jmp T_0;
    .thread T_0;
# The file index is used to find the file name in the following table.
:file_names 3;
    "N/A";
    "<interactive>";
    "automatic_verificator.v";
