#! /usr/local/bin/vvp
:ivl_version "0.10.0 (devel)" "(s20140801-15-g4ea512c)";
:ivl_delay_selection "TYPICAL";
:vpi_time_precision + 0;
:vpi_module "system";
:vpi_module "vhdl_sys";
:vpi_module "v2005_math";
:vpi_module "va_math";
S_0x94fb700 .scope module, "Conductual_Multiplicator" "Conductual_Multiplicator" 2 97;
 .timescale 0 0;
    .port_info 0 /INPUT 32 "iData_A"
    .port_info 1 /INPUT 32 "iData_B"
    .port_info 2 /INPUT 1 "Clock"
    .port_info 3 /INPUT 1 "Reset"
    .port_info 4 /INPUT 1 "iValid_Data"
    .port_info 5 /INPUT 1 "iAcknoledged"
    .port_info 6 /OUTPUT 1 "oDone"
    .port_info 7 /OUTPUT 1 "oIdle"
    .port_info 8 /OUTPUT 64 "oResult"
o0x9511804 .functor BUFZ 1, C4<z>; HiZ drive
v0x94f9d80_0 .net "Clock", 0 0, o0x9511804;  0 drivers
o0x951181c .functor BUFZ 1, C4<z>; HiZ drive
v0x9531198_0 .net "Reset", 0 0, o0x951181c;  0 drivers
o0x9511834 .functor BUFZ 1, C4<z>; HiZ drive
v0x9531200_0 .net "iAcknoledged", 0 0, o0x9511834;  0 drivers
o0x951184c .functor BUFZ 32, C4<zzzzzzzzzzzzzzzzzzzzzzzzzzzzzzzz>; HiZ drive
v0x9531270_0 .net "iData_A", 31 0, o0x951184c;  0 drivers
o0x9511864 .functor BUFZ 32, C4<zzzzzzzzzzzzzzzzzzzzzzzzzzzzzzzz>; HiZ drive
v0x95312e8_0 .net "iData_B", 31 0, o0x9511864;  0 drivers
o0x951187c .functor BUFZ 1, C4<z>; HiZ drive
v0x9531388_0 .net "iValid_Data", 0 0, o0x951187c;  0 drivers
v0x95313f0_0 .var "oDone", 0 0;
v0x9531458_0 .var "oIdle", 0 0;
v0x95314c0_0 .var "oResult", 63 0;
E_0x9507898 .event posedge, v0x94f9d80_0;
S_0x94f56b0 .scope module, "Multiplicator_3_in" "Multiplicator_3_in" 3 3;
 .timescale 0 0;
    .port_info 0 /INPUT 32 "iData_A"
    .port_info 1 /INPUT 32 "iData_B"
    .port_info 2 /INPUT 32 "iData_C"
    .port_info 3 /INPUT 1 "Clock"
    .port_info 4 /INPUT 1 "Reset"
    .port_info 5 /INPUT 1 "iValid_Data"
    .port_info 6 /INPUT 1 "iAcknoledged"
    .port_info 7 /OUTPUT 1 "oDone"
    .port_info 8 /OUTPUT 1 "oIdle"
    .port_info 9 /OUTPUT 128 "oResult"
o0x9512044 .functor BUFZ 1, C4<z>; HiZ drive
L_0x9544b48 .functor AND 1, o0x9512044, v0x95338f8_0, C4<1>, C4<1>;
o0x95119b4 .functor BUFZ 1, C4<z>; HiZ drive
v0x9533cb8_0 .net "Clock", 0 0, o0x95119b4;  0 drivers
o0x9511b7c .functor BUFZ 1, C4<z>; HiZ drive
v0x9533d20_0 .net "Reset", 0 0, o0x9511b7c;  0 drivers
L_0xb6f3800c .functor BUFT 1, C4<00000000000000000000000000000000>, C4<0>, C4<0>, C4<0>;
v0x9533dc0_0 .net *"_s3", 31 0, L_0xb6f3800c;  1 drivers
o0x9511b94 .functor BUFZ 1, C4<z>; HiZ drive
v0x9533e18_0 .net "iAcknoledged", 0 0, o0x9511b94;  0 drivers
o0x9511a5c .functor BUFZ 32, C4<zzzzzzzzzzzzzzzzzzzzzzzzzzzzzzzz>; HiZ drive
v0x9533ea8_0 .net "iData_A", 31 0, o0x9511a5c;  0 drivers
o0x9511a74 .functor BUFZ 32, C4<zzzzzzzzzzzzzzzzzzzzzzzzzzzzzzzz>; HiZ drive
v0x9533f48_0 .net "iData_B", 31 0, o0x9511a74;  0 drivers
o0x9511fe4 .functor BUFZ 32, C4<zzzzzzzzzzzzzzzzzzzzzzzzzzzzzzzz>; HiZ drive
v0x9533fe8_0 .net "iData_C", 31 0, o0x9511fe4;  0 drivers
o0x9511bac .functor BUFZ 1, C4<z>; HiZ drive
v0x9534060_0 .net "iValid_Data", 0 0, o0x9511bac;  0 drivers
v0x95340b8_0 .var "oDone", 0 0;
v0x9534158_0 .var "oIdle", 0 0;
v0x95341c0_0 .net "oResult", 127 0, v0x9533398_0;  1 drivers
v0x9534260_0 .var "rTemp_C", 31 0;
v0x95342d8_0 .net "wA_times_B", 63 0, v0x9532050_0;  1 drivers
v0x95343a8_0 .net "wDone", 0 0, v0x95338a0_0;  1 drivers
v0x9534400_0 .net "wIdel1", 0 0, o0x9512044;  0 drivers
v0x9534458_0 .net "wIdle1", 0 0, v0x95325c8_0;  1 drivers
v0x95344b0_0 .net "wIdle2", 0 0, v0x95338f8_0;  1 drivers
v0x9534590_0 .net "wIdleG", 0 0, L_0x9544b48;  1 drivers
v0x95345e8_0 .net "wfirst_done", 0 0, v0x9532560_0;  1 drivers
E_0x9531610 .event posedge, v0x9532508_0;
L_0x9534a60 .concat [ 32 32 0 0], o0x9511fe4, L_0xb6f3800c;
S_0x9531658 .scope module, "mult1" "Multiplicator" 3 34, 4 18 0, S_0x94f56b0;
 .timescale 0 0;
    .port_info 0 /INPUT 32 "iData_A"
    .port_info 1 /INPUT 32 "iData_B"
    .port_info 2 /INPUT 1 "Clock"
    .port_info 3 /INPUT 1 "Reset"
    .port_info 4 /INPUT 1 "iValid_Data"
    .port_info 5 /INPUT 1 "iAcknoledged"
    .port_info 6 /OUTPUT 1 "oDone"
    .port_info 7 /OUTPUT 1 "oIdle"
    .port_info 8 /OUTPUT 64 "oResult"
P_0x9531758 .param/l "COUNTER_SIZE" 0 4 18, +C4<0101>;
P_0x9531778 .param/l "SIZE" 0 4 18, +C4<0100000>;
v0x95322c8_0 .net "Clock", 0 0, o0x95119b4;  alias, 0 drivers
v0x9532368_0 .net "Reset", 0 0, o0x9511b7c;  alias, 0 drivers
v0x95323d0_0 .net "iAcknoledged", 0 0, o0x9511b94;  alias, 0 drivers
v0x9532428_0 .net "iData_A", 31 0, o0x9511a5c;  alias, 0 drivers
v0x9532490_0 .net "iData_B", 31 0, o0x9511a74;  alias, 0 drivers
v0x9532508_0 .net "iValid_Data", 0 0, o0x9511bac;  alias, 0 drivers
v0x9532560_0 .var "oDone", 0 0;
v0x95325c8_0 .var "oIdle", 0 0;
v0x9532630_0 .net "oResult", 63 0, v0x9532050_0;  alias, 1 drivers
v0x9532700_0 .var "rCounterReset", 0 0;
v0x9532778_0 .var "rCurrentState", 1 0;
v0x95327d0_0 .var "rData_Reset", 0 0;
v0x9532848_0 .var "rNextState", 1 0;
v0x95328b0_0 .net "wCounter", 4 0, v0x9531bc0_0;  1 drivers
E_0x95318a8 .event edge, v0x9532778_0, v0x9532508_0, v0x9531bc0_0, v0x95323d0_0;
S_0x95318e0 .scope module, "Counter_32b" "Counter" 4 45, 2 48 0, S_0x9531658;
 .timescale 0 0;
    .port_info 0 /INPUT 1 "Clock"
    .port_info 1 /INPUT 1 "iCounterReset"
    .port_info 2 /OUTPUT 5 "oCounter"
P_0x95319e0 .param/l "SIZE" 0 2 48, +C4<0101>;
v0x9531ae0_0 .net "Clock", 0 0, o0x95119b4;  alias, 0 drivers
v0x9531b58_0 .net "iCounterReset", 0 0, v0x9532700_0;  1 drivers
v0x9531bc0_0 .var "oCounter", 4 0;
E_0x9531a98 .event posedge, v0x9531ae0_0;
S_0x9531c68 .scope module, "DataPath" "Data_Path" 4 58, 2 14 0, S_0x9531658;
 .timescale 0 0;
    .port_info 0 /INPUT 32 "iData_A"
    .port_info 1 /INPUT 32 "iData_B"
    .port_info 2 /INPUT 1 "iData_Reset"
    .port_info 3 /INPUT 1 "Clock"
    .port_info 4 /OUTPUT 64 "oProduct"
P_0x9531d58 .param/l "SIZE" 0 2 14, +C4<0100000>;
v0x9531e08_0 .net "Clock", 0 0, o0x95119b4;  alias, 0 drivers
v0x9531e70_0 .net "add_sel", 0 0, L_0x9534980;  1 drivers
v0x9531ec8_0 .net "iData_A", 31 0, o0x9511a5c;  alias, 0 drivers
v0x9531f48_0 .net "iData_B", 31 0, o0x9511a74;  alias, 0 drivers
v0x9531fc0_0 .net "iData_Reset", 0 0, v0x95327d0_0;  1 drivers
v0x9532050_0 .var "oProduct", 63 0;
v0x95320c8_0 .var "reg_A", 63 0;
v0x9532140_0 .var "reg_B", 31 0;
v0x95321b8_0 .var "wTmp_Sum", 63 0;
L_0x9534980 .part v0x9532140_0, 0, 1;
S_0x95329b8 .scope module, "mult2" "Multiplicator" 3 48, 4 18 0, S_0x94f56b0;
 .timescale 0 0;
    .port_info 0 /INPUT 64 "iData_A"
    .port_info 1 /INPUT 64 "iData_B"
    .port_info 2 /INPUT 1 "Clock"
    .port_info 3 /INPUT 1 "Reset"
    .port_info 4 /INPUT 1 "iValid_Data"
    .port_info 5 /INPUT 1 "iAcknoledged"
    .port_info 6 /OUTPUT 1 "oDone"
    .port_info 7 /OUTPUT 1 "oIdle"
    .port_info 8 /OUTPUT 128 "oResult"
P_0x9532a90 .param/l "COUNTER_SIZE" 0 4 18, +C4<0110>;
P_0x9532ab0 .param/l "SIZE" 0 4 18, +C4<01000000>;
v0x9533610_0 .net "Clock", 0 0, o0x95119b4;  alias, 0 drivers
v0x9533678_0 .net "Reset", 0 0, o0x9511b7c;  alias, 0 drivers
v0x95336e0_0 .net "iAcknoledged", 0 0, o0x9511b94;  alias, 0 drivers
v0x9533758_0 .net "iData_A", 63 0, v0x9532050_0;  alias, 1 drivers
v0x95337b0_0 .net "iData_B", 63 0, L_0x9534a60;  1 drivers
v0x9533828_0 .net "iValid_Data", 0 0, v0x9532560_0;  alias, 1 drivers
v0x95338a0_0 .var "oDone", 0 0;
v0x95338f8_0 .var "oIdle", 0 0;
v0x9533950_0 .net "oResult", 127 0, v0x9533398_0;  alias, 1 drivers
v0x9533a10_0 .var "rCounterReset", 0 0;
v0x9533a88_0 .var "rCurrentState", 1 0;
v0x9533ae0_0 .var "rData_Reset", 0 0;
v0x9533b58_0 .var "rNextState", 1 0;
v0x9533bb0_0 .net "wCounter", 5 0, v0x9532ea0_0;  1 drivers
E_0x9532be0 .event edge, v0x9533a88_0, v0x9532560_0, v0x9532ea0_0, v0x95323d0_0;
S_0x9532c18 .scope module, "Counter_32b" "Counter" 4 45, 2 48 0, S_0x95329b8;
 .timescale 0 0;
    .port_info 0 /INPUT 1 "Clock"
    .port_info 1 /INPUT 1 "iCounterReset"
    .port_info 2 /OUTPUT 6 "oCounter"
P_0x9532d18 .param/l "SIZE" 0 2 48, +C4<0110>;
v0x9532dd0_0 .net "Clock", 0 0, o0x95119b4;  alias, 0 drivers
v0x9532e38_0 .net "iCounterReset", 0 0, v0x9533a10_0;  1 drivers
v0x9532ea0_0 .var "oCounter", 5 0;
S_0x9532f48 .scope module, "DataPath" "Data_Path" 4 58, 2 14 0, S_0x95329b8;
 .timescale 0 0;
    .port_info 0 /INPUT 64 "iData_A"
    .port_info 1 /INPUT 64 "iData_B"
    .port_info 2 /INPUT 1 "iData_Reset"
    .port_info 3 /INPUT 1 "Clock"
    .port_info 4 /OUTPUT 128 "oProduct"
P_0x9533038 .param/l "SIZE" 0 2 14, +C4<01000000>;
v0x9533110_0 .net "Clock", 0 0, o0x95119b4;  alias, 0 drivers
v0x95331e0_0 .net "add_sel", 0 0, L_0x95349d0;  1 drivers
v0x9533248_0 .net "iData_A", 63 0, v0x9532050_0;  alias, 1 drivers
v0x95332b8_0 .net "iData_B", 63 0, L_0x9534a60;  alias, 1 drivers
v0x9533330_0 .net "iData_Reset", 0 0, v0x9533ae0_0;  1 drivers
v0x9533398_0 .var "oProduct", 127 0;
v0x9533410_0 .var "reg_A", 127 0;
v0x9533488_0 .var "reg_B", 63 0;
v0x9533500_0 .var "wTmp_Sum", 127 0;
L_0x95349d0 .part v0x9533488_0, 0, 1;
S_0x95077d0 .scope module, "verificator" "verificator" 2 73;
 .timescale 0 0;
    .port_info 0 /INPUT 64 "iR_dut"
    .port_info 1 /INPUT 64 "iR_nut"
    .port_info 2 /INPUT 1 "Clock"
    .port_info 3 /INPUT 1 "Reset"
    .port_info 4 /OUTPUT 1 "good"
o0x9512164 .functor BUFZ 1, C4<z>; HiZ drive
v0x95346e0_0 .net "Clock", 0 0, o0x9512164;  0 drivers
o0x951217c .functor BUFZ 1, C4<z>; HiZ drive
v0x9534758_0 .net "Reset", 0 0, o0x951217c;  0 drivers
v0x95347c0_0 .var "good", 0 0;
o0x95121ac .functor BUFZ 64, C4<zzzzzzzzzzzzzzzzzzzzzzzzzzzzzzzzzzzzzzzzzzzzzzzzzzzzzzzzzzzzzzzz>; HiZ drive
v0x9534818_0 .net "iR_dut", 63 0, o0x95121ac;  0 drivers
o0x95121c4 .functor BUFZ 64, C4<zzzzzzzzzzzzzzzzzzzzzzzzzzzzzzzzzzzzzzzzzzzzzzzzzzzzzzzzzzzzzzzz>; HiZ drive
v0x9534890_0 .net "iR_nut", 63 0, o0x95121c4;  0 drivers
E_0x9532b38 .event posedge, v0x95346e0_0;
    .scope S_0x94fb700;
T_0 ;
    %wait E_0x9507898;
    %load/v 8, v0x9531388_0, 1;
    %jmp/0xz  T_0.0, 8;
    %load/v 8, v0x9531270_0, 32;
    %pad 40, 0, 32;
    %load/v 72, v0x95312e8_0, 32;
    %pad 104, 0, 32;
    %mul 8, 72, 64;
    %set/v v0x95314c0_0, 8, 64;
    %ix/load 0, 1, 0;
    %assign/v0 v0x95313f0_0, 0, 1;
    %ix/load 0, 1, 0;
    %assign/v0 v0x9531458_0, 0, 0;
    %jmp T_0.1;
T_0.0 ;
    %load/v 8, v0x9531200_0, 1;
    %jmp/0xz  T_0.2, 8;
    %set/v v0x95314c0_0, 0, 64;
    %ix/load 0, 1, 0;
    %assign/v0 v0x9531458_0, 0, 1;
    %ix/load 0, 1, 0;
    %assign/v0 v0x95313f0_0, 0, 0;
T_0.2 ;
T_0.1 ;
    %jmp T_0;
    .thread T_0;
    .scope S_0x95318e0;
T_1 ;
    %wait E_0x9531a98;
    %load/v 8, v0x9531b58_0, 1;
    %jmp/0xz  T_1.0, 8;
    %set/v v0x9531bc0_0, 0, 5;
    %jmp T_1.1;
T_1.0 ;
    %ix/load 0, 1, 0;
    %load/vp0 8, v0x9531bc0_0, 5;
    %set/v v0x9531bc0_0, 8, 5;
T_1.1 ;
    %jmp T_1;
    .thread T_1;
    .scope S_0x9531c68;
T_2 ;
    %wait E_0x9531a98;
    %load/v 8, v0x9531e70_0, 1;
    %inv 8, 1;
    %jmp/0  T_2.0, 8;
    %load/v 9, v0x9532050_0, 64;
    %jmp/1  T_2.2, 8;
T_2.0 ; End of true expr.
    %load/v 73, v0x9532050_0, 64;
    %load/v 137, v0x95320c8_0, 64;
    %add 73, 137, 64;
    %jmp/0  T_2.1, 8;
 ; End of false expr.
    %blend  9, 73, 64; Condition unknown.
    %jmp  T_2.2;
T_2.1 ;
    %mov 9, 73, 64; Return false value
T_2.2 ;
    %set/v v0x95321b8_0, 9, 64;
    %load/v 8, v0x9531fc0_0, 1;
    %jmp/0  T_2.3, 8;
    %mov 9, 0, 64;
    %jmp/1  T_2.5, 8;
T_2.3 ; End of true expr.
    %load/v 73, v0x95321b8_0, 64;
    %jmp/0  T_2.4, 8;
 ; End of false expr.
    %blend  9, 73, 64; Condition unknown.
    %jmp  T_2.5;
T_2.4 ;
    %mov 9, 73, 64; Return false value
T_2.5 ;
    %set/v v0x9532050_0, 9, 64;
    %load/v 8, v0x9531fc0_0, 1;
    %jmp/0  T_2.6, 8;
    %load/v 9, v0x9531f48_0, 32;
    %jmp/1  T_2.8, 8;
T_2.6 ; End of true expr.
    %load/v 41, v0x9532140_0, 32;
    %ix/load 0, 1, 0;
    %mov 4, 0, 1;
    %shiftr/i0  41, 32;
    %jmp/0  T_2.7, 8;
 ; End of false expr.
    %blend  9, 41, 32; Condition unknown.
    %jmp  T_2.8;
T_2.7 ;
    %mov 9, 41, 32; Return false value
T_2.8 ;
    %set/v v0x9532140_0, 9, 32;
    %load/v 8, v0x9531fc0_0, 1;
    %jmp/0  T_2.9, 8;
    %load/v 9, v0x9531ec8_0, 32;
    %mov 41, 0, 32;
    %jmp/1  T_2.11, 8;
T_2.9 ; End of true expr.
    %load/v 73, v0x95320c8_0, 64;
    %ix/load 0, 1, 0;
    %mov 4, 0, 1;
    %shiftl/i0  73, 64;
    %jmp/0  T_2.10, 8;
 ; End of false expr.
    %blend  9, 73, 64; Condition unknown.
    %jmp  T_2.11;
T_2.10 ;
    %mov 9, 73, 64; Return false value
T_2.11 ;
    %set/v v0x95320c8_0, 9, 64;
    %jmp T_2;
    .thread T_2;
    .scope S_0x9531658;
T_3 ;
    %wait E_0x9531a98;
    %load/v 8, v0x9532368_0, 1;
    %jmp/0xz  T_3.0, 8;
    %set/v v0x9532778_0, 0, 2;
    %jmp T_3.1;
T_3.0 ;
    %load/v 8, v0x9532848_0, 2;
    %set/v v0x9532778_0, 8, 2;
T_3.1 ;
    %jmp T_3;
    .thread T_3;
    .scope S_0x9531658;
T_4 ;
    %wait E_0x95318a8;
    %load/v 8, v0x9532778_0, 2;
    %cmpi/u 8, 0, 2;
    %jmp/1 T_4.0, 6;
    %cmpi/u 8, 1, 2;
    %jmp/1 T_4.1, 6;
    %cmpi/u 8, 2, 2;
    %jmp/1 T_4.2, 6;
    %cmpi/u 8, 3, 2;
    %jmp/1 T_4.3, 6;
    %jmp T_4.4;
T_4.0 ;
    %movi 8, 1, 2;
    %set/v v0x9532848_0, 8, 2;
    %set/v v0x95327d0_0, 1, 1;
    %set/v v0x9532700_0, 1, 1;
    %set/v v0x9532560_0, 0, 1;
    %set/v v0x95325c8_0, 0, 1;
    %jmp T_4.4;
T_4.1 ;
    %load/v 8, v0x9532508_0, 1;
    %jmp/0  T_4.5, 8;
    %movi 9, 2, 2;
    %jmp/1  T_4.7, 8;
T_4.5 ; End of true expr.
    %movi 11, 1, 2;
    %jmp/0  T_4.6, 8;
 ; End of false expr.
    %blend  9, 11, 2; Condition unknown.
    %jmp  T_4.7;
T_4.6 ;
    %mov 9, 11, 2; Return false value
T_4.7 ;
    %set/v v0x9532848_0, 9, 2;
    %set/v v0x9532700_0, 1, 1;
    %set/v v0x95327d0_0, 1, 1;
    %set/v v0x9532560_0, 0, 1;
    %set/v v0x95325c8_0, 1, 1;
    %jmp T_4.4;
T_4.2 ;
    %load/v 8, v0x95328b0_0, 5;
    %cmpi/u 8, 31, 5;
    %mov 8, 4, 1;
    %jmp/0  T_4.8, 8;
    %mov 9, 1, 2;
    %jmp/1  T_4.10, 8;
T_4.8 ; End of true expr.
    %movi 11, 2, 2;
    %jmp/0  T_4.9, 8;
 ; End of false expr.
    %blend  9, 11, 2; Condition unknown.
    %jmp  T_4.10;
T_4.9 ;
    %mov 9, 11, 2; Return false value
T_4.10 ;
    %set/v v0x9532848_0, 9, 2;
    %load/v 8, v0x95328b0_0, 5;
    %cmpi/u 8, 0, 5;
    %mov 8, 4, 1;
    %jmp/0  T_4.11, 8;
    %movi 9, 1, 2;
    %jmp/1  T_4.13, 8;
T_4.11 ; End of true expr.
    %jmp/0  T_4.12, 8;
 ; End of false expr.
    %blend  9, 0, 2; Condition unknown.
    %jmp  T_4.13;
T_4.12 ;
    %mov 9, 0, 2; Return false value
T_4.13 ;
    %set/v v0x95327d0_0, 9, 1;
    %set/v v0x9532700_0, 0, 1;
    %set/v v0x9532560_0, 0, 1;
    %set/v v0x95325c8_0, 0, 1;
    %jmp T_4.4;
T_4.3 ;
    %load/v 8, v0x95323d0_0, 1;
    %jmp/0  T_4.14, 8;
    %movi 9, 1, 2;
    %jmp/1  T_4.16, 8;
T_4.14 ; End of true expr.
    %jmp/0  T_4.15, 8;
 ; End of false expr.
    %blend  9, 1, 2; Condition unknown.
    %jmp  T_4.16;
T_4.15 ;
    %mov 9, 1, 2; Return false value
T_4.16 ;
    %set/v v0x9532848_0, 9, 2;
    %set/v v0x95327d0_0, 0, 1;
    %set/v v0x9532700_0, 1, 1;
    %set/v v0x9532560_0, 1, 1;
    %set/v v0x95325c8_0, 0, 1;
    %jmp T_4.4;
T_4.4 ;
    %jmp T_4;
    .thread T_4, $push;
    .scope S_0x9532c18;
T_5 ;
    %wait E_0x9531a98;
    %load/v 8, v0x9532e38_0, 1;
    %jmp/0xz  T_5.0, 8;
    %set/v v0x9532ea0_0, 0, 6;
    %jmp T_5.1;
T_5.0 ;
    %ix/load 0, 1, 0;
    %load/vp0 8, v0x9532ea0_0, 6;
    %set/v v0x9532ea0_0, 8, 6;
T_5.1 ;
    %jmp T_5;
    .thread T_5;
    .scope S_0x9532f48;
T_6 ;
    %wait E_0x9531a98;
    %load/v 8, v0x95331e0_0, 1;
    %inv 8, 1;
    %jmp/0  T_6.0, 8;
    %load/v 9, v0x9533398_0, 128;
    %jmp/1  T_6.2, 8;
T_6.0 ; End of true expr.
    %load/v 137, v0x9533398_0, 128;
    %load/v 265, v0x9533410_0, 128;
    %add 137, 265, 128;
    %jmp/0  T_6.1, 8;
 ; End of false expr.
    %blend  9, 137, 128; Condition unknown.
    %jmp  T_6.2;
T_6.1 ;
    %mov 9, 137, 128; Return false value
T_6.2 ;
    %set/v v0x9533500_0, 9, 128;
    %load/v 8, v0x9533330_0, 1;
    %jmp/0  T_6.3, 8;
    %mov 9, 0, 128;
    %jmp/1  T_6.5, 8;
T_6.3 ; End of true expr.
    %load/v 137, v0x9533500_0, 128;
    %jmp/0  T_6.4, 8;
 ; End of false expr.
    %blend  9, 137, 128; Condition unknown.
    %jmp  T_6.5;
T_6.4 ;
    %mov 9, 137, 128; Return false value
T_6.5 ;
    %set/v v0x9533398_0, 9, 128;
    %load/v 8, v0x9533330_0, 1;
    %jmp/0  T_6.6, 8;
    %load/v 9, v0x95332b8_0, 64;
    %jmp/1  T_6.8, 8;
T_6.6 ; End of true expr.
    %load/v 73, v0x9533488_0, 64;
    %ix/load 0, 1, 0;
    %mov 4, 0, 1;
    %shiftr/i0  73, 64;
    %jmp/0  T_6.7, 8;
 ; End of false expr.
    %blend  9, 73, 64; Condition unknown.
    %jmp  T_6.8;
T_6.7 ;
    %mov 9, 73, 64; Return false value
T_6.8 ;
    %set/v v0x9533488_0, 9, 64;
    %load/v 8, v0x9533330_0, 1;
    %jmp/0  T_6.9, 8;
    %load/v 9, v0x9533248_0, 64;
    %mov 73, 0, 64;
    %jmp/1  T_6.11, 8;
T_6.9 ; End of true expr.
    %load/v 137, v0x9533410_0, 128;
    %ix/load 0, 1, 0;
    %mov 4, 0, 1;
    %shiftl/i0  137, 128;
    %jmp/0  T_6.10, 8;
 ; End of false expr.
    %blend  9, 137, 128; Condition unknown.
    %jmp  T_6.11;
T_6.10 ;
    %mov 9, 137, 128; Return false value
T_6.11 ;
    %set/v v0x9533410_0, 9, 128;
    %jmp T_6;
    .thread T_6;
    .scope S_0x95329b8;
T_7 ;
    %wait E_0x9531a98;
    %load/v 8, v0x9533678_0, 1;
    %jmp/0xz  T_7.0, 8;
    %set/v v0x9533a88_0, 0, 2;
    %jmp T_7.1;
T_7.0 ;
    %load/v 8, v0x9533b58_0, 2;
    %set/v v0x9533a88_0, 8, 2;
T_7.1 ;
    %jmp T_7;
    .thread T_7;
    .scope S_0x95329b8;
T_8 ;
    %wait E_0x9532be0;
    %load/v 8, v0x9533a88_0, 2;
    %cmpi/u 8, 0, 2;
    %jmp/1 T_8.0, 6;
    %cmpi/u 8, 1, 2;
    %jmp/1 T_8.1, 6;
    %cmpi/u 8, 2, 2;
    %jmp/1 T_8.2, 6;
    %cmpi/u 8, 3, 2;
    %jmp/1 T_8.3, 6;
    %jmp T_8.4;
T_8.0 ;
    %movi 8, 1, 2;
    %set/v v0x9533b58_0, 8, 2;
    %set/v v0x9533ae0_0, 1, 1;
    %set/v v0x9533a10_0, 1, 1;
    %set/v v0x95338a0_0, 0, 1;
    %set/v v0x95338f8_0, 0, 1;
    %jmp T_8.4;
T_8.1 ;
    %load/v 8, v0x9533828_0, 1;
    %jmp/0  T_8.5, 8;
    %movi 9, 2, 2;
    %jmp/1  T_8.7, 8;
T_8.5 ; End of true expr.
    %movi 11, 1, 2;
    %jmp/0  T_8.6, 8;
 ; End of false expr.
    %blend  9, 11, 2; Condition unknown.
    %jmp  T_8.7;
T_8.6 ;
    %mov 9, 11, 2; Return false value
T_8.7 ;
    %set/v v0x9533b58_0, 9, 2;
    %set/v v0x9533a10_0, 1, 1;
    %set/v v0x9533ae0_0, 1, 1;
    %set/v v0x95338a0_0, 0, 1;
    %set/v v0x95338f8_0, 1, 1;
    %jmp T_8.4;
T_8.2 ;
    %load/v 8, v0x9533bb0_0, 6;
    %cmpi/u 8, 31, 6;
    %mov 8, 4, 1;
    %jmp/0  T_8.8, 8;
    %mov 9, 1, 2;
    %jmp/1  T_8.10, 8;
T_8.8 ; End of true expr.
    %movi 11, 2, 2;
    %jmp/0  T_8.9, 8;
 ; End of false expr.
    %blend  9, 11, 2; Condition unknown.
    %jmp  T_8.10;
T_8.9 ;
    %mov 9, 11, 2; Return false value
T_8.10 ;
    %set/v v0x9533b58_0, 9, 2;
    %load/v 8, v0x9533bb0_0, 6;
    %cmpi/u 8, 0, 6;
    %mov 8, 4, 1;
    %jmp/0  T_8.11, 8;
    %movi 9, 1, 2;
    %jmp/1  T_8.13, 8;
T_8.11 ; End of true expr.
    %jmp/0  T_8.12, 8;
 ; End of false expr.
    %blend  9, 0, 2; Condition unknown.
    %jmp  T_8.13;
T_8.12 ;
    %mov 9, 0, 2; Return false value
T_8.13 ;
    %set/v v0x9533ae0_0, 9, 1;
    %set/v v0x9533a10_0, 0, 1;
    %set/v v0x95338a0_0, 0, 1;
    %set/v v0x95338f8_0, 0, 1;
    %jmp T_8.4;
T_8.3 ;
    %load/v 8, v0x95336e0_0, 1;
    %jmp/0  T_8.14, 8;
    %movi 9, 1, 2;
    %jmp/1  T_8.16, 8;
T_8.14 ; End of true expr.
    %jmp/0  T_8.15, 8;
 ; End of false expr.
    %blend  9, 1, 2; Condition unknown.
    %jmp  T_8.16;
T_8.15 ;
    %mov 9, 1, 2; Return false value
T_8.16 ;
    %set/v v0x9533b58_0, 9, 2;
    %set/v v0x9533ae0_0, 0, 1;
    %set/v v0x9533a10_0, 1, 1;
    %set/v v0x95338a0_0, 1, 1;
    %set/v v0x95338f8_0, 0, 1;
    %jmp T_8.4;
T_8.4 ;
    %jmp T_8;
    .thread T_8, $push;
    .scope S_0x94f56b0;
T_9 ;
    %wait E_0x9531610;
    %load/v 8, v0x9533fe8_0, 32;
    %set/v v0x9534260_0, 8, 32;
    %load/v 8, v0x95343a8_0, 1;
    %set/v v0x95340b8_0, 8, 1;
    %load/v 8, v0x9534590_0, 1;
    %set/v v0x9534158_0, 8, 1;
    %jmp T_9;
    .thread T_9;
    .scope S_0x95077d0;
T_10 ;
    %wait E_0x9532b38;
    %load/v 8, v0x9534758_0, 1;
    %jmp/0xz  T_10.0, 8;
    %set/v v0x95347c0_0, 0, 1;
    %jmp T_10.1;
T_10.0 ;
    %load/v 8, v0x9534818_0, 64;
    %load/v 72, v0x9534890_0, 64;
    %cmp/u 8, 72, 64;
    %jmp/0xz  T_10.2, 4;
    %set/v v0x95347c0_0, 1, 1;
    %jmp T_10.3;
T_10.2 ;
    %set/v v0x95347c0_0, 0, 1;
T_10.3 ;
T_10.1 ;
    %jmp T_10;
    .thread T_10;
# The file index is used to find the file name in the following table.
:file_names 5;
    "N/A";
    "<interactive>";
    "./Collaterals.v";
    "multiplicador3entradas.v";
    "./Mult_Controller.v";
